build/app/intermediates/manifest_merge_blame_file/release/manifest-merger-blame-release-report.txt
1<?xml version="1.0" encoding="utf-8"?>
2<manifest xmlns:android="http://schemas.android.com/apk/res/android"
3    package="com.example.covid_1984"
4    android:versionCode="4001"
5    android:versionName="1.0.0" >
6
7    <uses-sdk
8        android:minSdkVersion="20"
8-->src/main/AndroidManifest.xml
9        android:targetSdkVersion="31" />
9-->src/main/AndroidManifest.xml
10
11    <uses-permission android:name="android.permission.CAMERA" />
11-->src/main/AndroidManifest.xml:3:5-65
11-->src/main/AndroidManifest.xml:3:22-62
12    <!-- Don't require camera, as this requires a rear camera. This allows it to work on the Nexus 7 -->
13    <uses-feature
13-->[com.journeyapps:zxing-android-embedded:4.1.0] AndroidManifest.xml:25:5-27:36
14        android:name="android.hardware.camera"
14-->[com.journeyapps:zxing-android-embedded:4.1.0] AndroidManifest.xml:26:9-47
15        android:required="false" />
15-->[com.journeyapps:zxing-android-embedded:4.1.0] AndroidManifest.xml:27:9-33
16    <uses-feature
16-->[com.journeyapps:zxing-android-embedded:4.1.0] AndroidManifest.xml:28:5-30:36
17        android:name="android.hardware.camera.front"
17-->[com.journeyapps:zxing-android-embedded:4.1.0] AndroidManifest.xml:29:9-53
18        android:required="false" /> <!-- TODO replace above two with next line after Android 4.2 -->
18-->[com.journeyapps:zxing-android-embedded:4.1.0] AndroidManifest.xml:30:9-33
19    <!-- <uses-feature android:name="android.hardware.camera.any"/> -->
20    <uses-feature
20-->[com.journeyapps:zxing-android-embedded:4.1.0] AndroidManifest.xml:33:5-35:36
21        android:name="android.hardware.camera.autofocus"
21-->[com.journeyapps:zxing-android-embedded:4.1.0] AndroidManifest.xml:34:9-57
22        android:required="false" />
22-->[com.journeyapps:zxing-android-embedded:4.1.0] AndroidManifest.xml:35:9-33
23    <uses-feature
23-->[com.journeyapps:zxing-android-embedded:4.1.0] AndroidManifest.xml:36:5-38:36
24        android:name="android.hardware.camera.flash"
24-->[com.journeyapps:zxing-android-embedded:4.1.0] AndroidManifest.xml:37:9-53
25        android:required="false" />
25-->[com.journeyapps:zxing-android-embedded:4.1.0] AndroidManifest.xml:38:9-33
26    <uses-feature
26-->[com.journeyapps:zxing-android-embedded:4.1.0] AndroidManifest.xml:39:5-41:36
27        android:name="android.hardware.screen.landscape"
27-->[com.journeyapps:zxing-android-embedded:4.1.0] AndroidManifest.xml:40:9-57
28        android:required="false" />
28-->[com.journeyapps:zxing-android-embedded:4.1.0] AndroidManifest.xml:41:9-33
29    <uses-feature
29-->[com.journeyapps:zxing-android-embedded:4.1.0] AndroidManifest.xml:42:5-44:36
30        android:name="android.hardware.wifi"
30-->[com.journeyapps:zxing-android-embedded:4.1.0] AndroidManifest.xml:43:9-45
31        android:required="false" />
31-->[com.journeyapps:zxing-android-embedded:4.1.0] AndroidManifest.xml:44:9-33
32
33    <application
33-->src/main/AndroidManifest.xml:4:4-43:19
34        android:name="androidx.multidex.MultiDexApplication"
35        android:appComponentFactory="androidx.core.app.CoreComponentFactory"
35-->[androidx.core:core:1.3.0] AndroidManifest.xml:24:18-86
36        android:icon="@mipmap/ic_launcher"
36-->src/main/AndroidManifest.xml:6:9-43
37        android:label="NHS COVID-1984" >
37-->src/main/AndroidManifest.xml:5:9-39
38        <activity
38-->src/main/AndroidManifest.xml:8:9-37:20
39            android:name="com.example.covid_1984.MainActivity"
39-->src/main/AndroidManifest.xml:9:13-41
40            android:configChanges="orientation|keyboardHidden|keyboard|screenSize|smallestScreenSize|locale|layoutDirection|fontScale|screenLayout|density|uiMode"
40-->src/main/AndroidManifest.xml:12:13-163
41            android:hardwareAccelerated="true"
41-->src/main/AndroidManifest.xml:13:13-47
42            android:launchMode="singleTop"
42-->src/main/AndroidManifest.xml:10:13-43
43            android:theme="@style/LaunchTheme"
43-->src/main/AndroidManifest.xml:11:13-47
44            android:windowSoftInputMode="adjustResize" >
44-->src/main/AndroidManifest.xml:14:13-55
45
46            <!--
47                 Specifies an Android theme to apply to this Activity as soon as
48                 the Android process has started. This theme is visible to the user
49                 while the Flutter UI initializes. After that, this theme continues
50                 to determine the Window background behind the Flutter UI.
51            -->
52            <meta-data
52-->src/main/AndroidManifest.xml:19:13-22:17
53                android:name="io.flutter.embedding.android.NormalTheme"
53-->src/main/AndroidManifest.xml:20:15-70
54                android:resource="@style/NormalTheme" />
54-->src/main/AndroidManifest.xml:21:15-52
55            <!--
56                 Displays an Android View that continues showing the launch screen
57                 Drawable until Flutter paints its first frame, then this splash
58                 screen fades out. A splash screen is useful to avoid any visual
59                 gap between the end of Android's launch screen and the painting of
60                 Flutter's first frame.
61            -->
62            <meta-data
62-->src/main/AndroidManifest.xml:28:13-31:17
63                android:name="io.flutter.embedding.android.SplashScreenDrawable"
63-->src/main/AndroidManifest.xml:29:15-79
64                android:resource="@drawable/launch_background" />
64-->src/main/AndroidManifest.xml:30:15-61
65
66            <intent-filter>
66-->src/main/AndroidManifest.xml:32:13-35:29
67                <action android:name="android.intent.action.MAIN" />
67-->src/main/AndroidManifest.xml:33:17-68
67-->src/main/AndroidManifest.xml:33:25-66
68
69                <category android:name="android.intent.category.LAUNCHER" />
69-->src/main/AndroidManifest.xml:34:17-76
69-->src/main/AndroidManifest.xml:34:27-74
70            </intent-filter>
71        </activity>
72        <!--
73             Don't delete the meta-data below.
74             This is used by the Flutter tool to generate GeneratedPluginRegistrant.java
75        -->
76        <meta-data
76-->src/main/AndroidManifest.xml:40:9-42:33
77            android:name="flutterEmbedding"
77-->src/main/AndroidManifest.xml:41:13-44
78            android:value="2" />
78-->src/main/AndroidManifest.xml:42:13-30
79
80        <activity
80-->[com.journeyapps:zxing-android-embedded:4.1.0] AndroidManifest.xml:47:9-53:63
81            android:name="com.journeyapps.barcodescanner.CaptureActivity"
81-->[com.journeyapps:zxing-android-embedded:4.1.0] AndroidManifest.xml:48:13-74
82            android:clearTaskOnLaunch="true"
82-->[com.journeyapps:zxing-android-embedded:4.1.0] AndroidManifest.xml:49:13-45
83            android:screenOrientation="sensorLandscape"
83-->[com.journeyapps:zxing-android-embedded:4.1.0] AndroidManifest.xml:50:13-56
84            android:stateNotNeeded="true"
84-->[com.journeyapps:zxing-android-embedded:4.1.0] AndroidManifest.xml:51:13-42
85            android:theme="@style/zxing_CaptureTheme"
85-->[com.journeyapps:zxing-android-embedded:4.1.0] AndroidManifest.xml:52:13-54
86            android:windowSoftInputMode="stateAlwaysHidden" />
86-->[com.journeyapps:zxing-android-embedded:4.1.0] AndroidManifest.xml:53:13-60
87    </application>
88
89</manifest>